============================= test session starts ==============================
platform darwin -- Python 3.12.13, pytest-9.1.1, pluggy-1.6.0 -- /Users/maxzhl/Projects/mcp-suite/.venv/bin/python
cachedir: .pytest_cache
rootdir: /Users/maxzhl/Projects/mcp-suite
plugins: anyio-4.15.1
collecting ... collected 6 items

tests/test_core.py::test_atomic_redemption PASSED                        [ 16%]
tests/test_core.py::test_atomic_daily_limit PASSED                       [ 33%]
tests/test_core.py::test_expiry_product_and_invalid PASSED               [ 50%]
tests/test_core.py::test_midnight_resets_and_handshake_free PASSED       [ 66%]
tests/test_core.py::test_jobs_preserve_facts_and_deadline_order PASSED   [ 83%]
tests/test_core.py::test_role_cohort_overrides_campaign_title PASSED     [100%]

============================== 6 passed in 0.21s ===============================
